<?xml version="1.0" encoding="UTF-8"?>
<testsuite xmlns:xsi="http://www.w3.org/2001/XMLSchema-instance" xsi:noNamespaceSchemaLocation="https://maven.apache.org/surefire/maven-surefire-plugin/xsd/surefire-test-report.xsd" name="TestSuite" time="6.313" tests="3" errors="0" skipped="0" failures="0">
  <properties>
    <property name="sun.desktop" value="windows"/>
    <property name="awt.toolkit" value="sun.awt.windows.WToolkit"/>
    <property name="file.encoding.pkg" value="sun.io"/>
    <property name="java.specification.version" value="1.8"/>
    <property name="sun.cpu.isalist" value="amd64"/>
    <property name="sun.jnu.encoding" value="Cp1252"/>
    <property name="java.class.path" value="C:\Dev-Projects\RestAssuredSafaryTutorial\RestAssuredMaven\InternshipAPI\target\test-classes;C:\Dev-Projects\RestAssuredSafaryTutorial\RestAssuredMaven\InternshipAPI\target\classes;C:\Users\fzabala\.m2\repository\io\rest-assured\rest-assured\4.0.0\rest-assured-4.0.0.jar;C:\Users\fzabala\.m2\repository\org\codehaus\groovy\groovy\2.5.6\groovy-2.5.6.jar;C:\Users\fzabala\.m2\repository\org\codehaus\groovy\groovy-xml\2.5.6\groovy-xml-2.5.6.jar;C:\Users\fzabala\.m2\repository\org\apache\httpcomponents\httpclient\4.5.3\httpclient-4.5.3.jar;C:\Users\fzabala\.m2\repository\org\apache\httpcomponents\httpcore\4.4.6\httpcore-4.4.6.jar;C:\Users\fzabala\.m2\repository\commons-logging\commons-logging\1.2\commons-logging-1.2.jar;C:\Users\fzabala\.m2\repository\commons-codec\commons-codec\1.9\commons-codec-1.9.jar;C:\Users\fzabala\.m2\repository\org\apache\httpcomponents\httpmime\4.5.3\httpmime-4.5.3.jar;C:\Users\fzabala\.m2\repository\org\hamcrest\hamcrest-core\2.1\hamcrest-core-2.1.jar;C:\Users\fzabala\.m2\repository\org\hamcrest\hamcrest\2.1\hamcrest-2.1.jar;C:\Users\fzabala\.m2\repository\org\hamcrest\hamcrest-library\2.1\hamcrest-library-2.1.jar;C:\Users\fzabala\.m2\repository\org\ccil\cowan\tagsoup\tagsoup\1.2.1\tagsoup-1.2.1.jar;C:\Users\fzabala\.m2\repository\io\rest-assured\json-path\4.0.0\json-path-4.0.0.jar;C:\Users\fzabala\.m2\repository\org\codehaus\groovy\groovy-json\2.5.6\groovy-json-2.5.6.jar;C:\Users\fzabala\.m2\repository\io\rest-assured\rest-assured-common\4.0.0\rest-assured-common-4.0.0.jar;C:\Users\fzabala\.m2\repository\io\rest-assured\xml-path\4.0.0\xml-path-4.0.0.jar;C:\Users\fzabala\.m2\repository\org\apache\commons\commons-lang3\3.4\commons-lang3-3.4.jar;C:\Users\fzabala\.m2\repository\javax\xml\bind\jaxb-api\2.2.12\jaxb-api-2.2.12.jar;C:\Users\fzabala\.m2\repository\com\sun\xml\bind\jaxb-osgi\2.2.10\jaxb-osgi-2.2.10.jar;C:\Users\fzabala\.m2\repository\org\apache\sling\org.apache.sling.javax.activation\0.1.0\org.apache.sling.javax.activation-0.1.0.jar;C:\Users\fzabala\.m2\repository\javax\activation\activation\1.1.1\activation-1.1.1.jar;C:\Users\fzabala\.m2\repository\io\rest-assured\json-schema-validator\4.0.0\json-schema-validator-4.0.0.jar;C:\Users\fzabala\.m2\repository\com\github\java-json-tools\json-schema-validator\2.2.10\json-schema-validator-2.2.10.jar;C:\Users\fzabala\.m2\repository\com\github\java-json-tools\json-schema-core\1.2.10\json-schema-core-1.2.10.jar;C:\Users\fzabala\.m2\repository\com\github\java-json-tools\jackson-coreutils\1.9\jackson-coreutils-1.9.jar;C:\Users\fzabala\.m2\repository\com\fasterxml\jackson\core\jackson-databind\2.2.3\jackson-databind-2.2.3.jar;C:\Users\fzabala\.m2\repository\com\fasterxml\jackson\core\jackson-annotations\2.2.3\jackson-annotations-2.2.3.jar;C:\Users\fzabala\.m2\repository\com\fasterxml\jackson\core\jackson-core\2.2.3\jackson-core-2.2.3.jar;C:\Users\fzabala\.m2\repository\com\google\guava\guava\16.0.1\guava-16.0.1.jar;C:\Users\fzabala\.m2\repository\com\github\fge\msg-simple\1.1\msg-simple-1.1.jar;C:\Users\fzabala\.m2\repository\com\github\fge\btf\1.2\btf-1.2.jar;C:\Users\fzabala\.m2\repository\com\github\fge\uri-template\0.9\uri-template-0.9.jar;C:\Users\fzabala\.m2\repository\org\mozilla\rhino\1.7.7.1\rhino-1.7.7.1.jar;C:\Users\fzabala\.m2\repository\javax\mail\mailapi\1.4.3\mailapi-1.4.3.jar;C:\Users\fzabala\.m2\repository\joda-time\joda-time\2.9.7\joda-time-2.9.7.jar;C:\Users\fzabala\.m2\repository\com\googlecode\libphonenumber\libphonenumber\8.0.0\libphonenumber-8.0.0.jar;C:\Users\fzabala\.m2\repository\com\google\code\findbugs\jsr305\3.0.1\jsr305-3.0.1.jar;C:\Users\fzabala\.m2\repository\net\sf\jopt-simple\jopt-simple\5.0.3\jopt-simple-5.0.3.jar;C:\Users\fzabala\.m2\repository\org\testng\testng\6.14.3\testng-6.14.3.jar;C:\Users\fzabala\.m2\repository\org\apache-extras\beanshell\bsh\2.0b6\bsh-2.0b6.jar;C:\Users\fzabala\.m2\repository\com\beust\jcommander\1.72\jcommander-1.72.jar;C:\Users\fzabala\.m2\repository\org\codehaus\groovy\groovy-ant\2.5.7\groovy-ant-2.5.7.jar;C:\Users\fzabala\.m2\repository\org\apache\ant\ant\1.9.13\ant-1.9.13.jar;C:\Users\fzabala\.m2\repository\org\apache\ant\ant-junit\1.9.13\ant-junit-1.9.13.jar;C:\Users\fzabala\.m2\repository\org\apache\ant\ant-launcher\1.9.13\ant-launcher-1.9.13.jar;C:\Users\fzabala\.m2\repository\org\apache\ant\ant-antlr\1.9.13\ant-antlr-1.9.13.jar;C:\Users\fzabala\.m2\repository\org\codehaus\groovy\groovy-cli-commons\2.5.7\groovy-cli-commons-2.5.7.jar;C:\Users\fzabala\.m2\repository\commons-cli\commons-cli\1.4\commons-cli-1.4.jar;C:\Users\fzabala\.m2\repository\org\codehaus\groovy\groovy-cli-picocli\2.5.7\groovy-cli-picocli-2.5.7.jar;C:\Users\fzabala\.m2\repository\info\picocli\picocli\3.9.5\picocli-3.9.5.jar;C:\Users\fzabala\.m2\repository\org\codehaus\groovy\groovy-console\2.5.7\groovy-console-2.5.7.jar;C:\Users\fzabala\.m2\repository\org\codehaus\groovy\groovy-datetime\2.5.7\groovy-datetime-2.5.7.jar;C:\Users\fzabala\.m2\repository\org\codehaus\groovy\groovy-docgenerator\2.5.7\groovy-docgenerator-2.5.7.jar;C:\Users\fzabala\.m2\repository\com\thoughtworks\qdox\qdox\1.12.1\qdox-1.12.1.jar;C:\Users\fzabala\.m2\repository\org\codehaus\groovy\groovy-groovydoc\2.5.7\groovy-groovydoc-2.5.7.jar;C:\Users\fzabala\.m2\repository\org\codehaus\groovy\groovy-groovysh\2.5.7\groovy-groovysh-2.5.7.jar;C:\Users\fzabala\.m2\repository\jline\jline\2.14.6\jline-2.14.6.jar;C:\Users\fzabala\.m2\repository\org\codehaus\groovy\groovy-jmx\2.5.7\groovy-jmx-2.5.7.jar;C:\Users\fzabala\.m2\repository\org\codehaus\groovy\groovy-jsr223\2.5.7\groovy-jsr223-2.5.7.jar;C:\Users\fzabala\.m2\repository\org\codehaus\groovy\groovy-macro\2.5.7\groovy-macro-2.5.7.jar;C:\Users\fzabala\.m2\repository\org\codehaus\groovy\groovy-nio\2.5.7\groovy-nio-2.5.7.jar;C:\Users\fzabala\.m2\repository\org\codehaus\groovy\groovy-servlet\2.5.7\groovy-servlet-2.5.7.jar;C:\Users\fzabala\.m2\repository\org\codehaus\groovy\groovy-sql\2.5.7\groovy-sql-2.5.7.jar;C:\Users\fzabala\.m2\repository\org\codehaus\groovy\groovy-swing\2.5.7\groovy-swing-2.5.7.jar;C:\Users\fzabala\.m2\repository\org\codehaus\groovy\groovy-templates\2.5.7\groovy-templates-2.5.7.jar;C:\Users\fzabala\.m2\repository\org\codehaus\groovy\groovy-test\2.5.7\groovy-test-2.5.7.jar;C:\Users\fzabala\.m2\repository\junit\junit\4.12\junit-4.12.jar;C:\Users\fzabala\.m2\repository\org\codehaus\groovy\groovy-test-junit5\2.5.7\groovy-test-junit5-2.5.7.jar;C:\Users\fzabala\.m2\repository\org\junit\platform\junit-platform-launcher\1.4.0\junit-platform-launcher-1.4.0.jar;C:\Users\fzabala\.m2\repository\org\apiguardian\apiguardian-api\1.0.0\apiguardian-api-1.0.0.jar;C:\Users\fzabala\.m2\repository\org\junit\platform\junit-platform-engine\1.4.0\junit-platform-engine-1.4.0.jar;C:\Users\fzabala\.m2\repository\org\opentest4j\opentest4j\1.1.1\opentest4j-1.1.1.jar;C:\Users\fzabala\.m2\repository\org\junit\platform\junit-platform-commons\1.4.0\junit-platform-commons-1.4.0.jar;C:\Users\fzabala\.m2\repository\org\junit\jupiter\junit-jupiter-engine\5.4.0\junit-jupiter-engine-5.4.0.jar;C:\Users\fzabala\.m2\repository\org\junit\jupiter\junit-jupiter-api\5.4.0\junit-jupiter-api-5.4.0.jar;C:\Users\fzabala\.m2\repository\org\codehaus\groovy\groovy-testng\2.5.7\groovy-testng-2.5.7.jar;C:\Users\fzabala\.m2\repository\com\github\scribejava\scribejava-apis\2.5.3\scribejava-apis-2.5.3.jar;C:\Users\fzabala\.m2\repository\com\github\scribejava\scribejava-core\2.5.3\scribejava-core-2.5.3.jar;"/>
    <property name="java.vm.vendor" value="Oracle Corporation"/>
    <property name="sun.arch.data.model" value="64"/>
    <property name="user.variant" value=""/>
    <property name="java.vendor.url" value="http://java.oracle.com/"/>
    <property name="user.timezone" value="America/Bogota"/>
    <property name="java.vm.specification.version" value="1.8"/>
    <property name="os.name" value="Windows 10"/>
    <property name="user.country" value="US"/>
    <property name="sun.java.launcher" value="SUN_STANDARD"/>
    <property name="sun.boot.library.path" value="C:\Program Files\Java\jdk1.8.0_151\jre\bin"/>
    <property name="sun.java.command" value="C:\Users\fzabala\AppData\Local\Temp\surefire5392612623673196069\surefirebooter1575293306959607921.jar C:\Users\fzabala\AppData\Local\Temp\surefire5392612623673196069 2019-08-12T16-30-25_816-jvmRun1 surefire6573565343297901435tmp surefire_07699883450428794250tmp"/>
    <property name="surefire.test.class.path" value="C:\Dev-Projects\RestAssuredSafaryTutorial\RestAssuredMaven\InternshipAPI\target\test-classes;C:\Dev-Projects\RestAssuredSafaryTutorial\RestAssuredMaven\InternshipAPI\target\classes;C:\Users\fzabala\.m2\repository\io\rest-assured\rest-assured\4.0.0\rest-assured-4.0.0.jar;C:\Users\fzabala\.m2\repository\org\codehaus\groovy\groovy\2.5.6\groovy-2.5.6.jar;C:\Users\fzabala\.m2\repository\org\codehaus\groovy\groovy-xml\2.5.6\groovy-xml-2.5.6.jar;C:\Users\fzabala\.m2\repository\org\apache\httpcomponents\httpclient\4.5.3\httpclient-4.5.3.jar;C:\Users\fzabala\.m2\repository\org\apache\httpcomponents\httpcore\4.4.6\httpcore-4.4.6.jar;C:\Users\fzabala\.m2\repository\commons-logging\commons-logging\1.2\commons-logging-1.2.jar;C:\Users\fzabala\.m2\repository\commons-codec\commons-codec\1.9\commons-codec-1.9.jar;C:\Users\fzabala\.m2\repository\org\apache\httpcomponents\httpmime\4.5.3\httpmime-4.5.3.jar;C:\Users\fzabala\.m2\repository\org\hamcrest\hamcrest-core\2.1\hamcrest-core-2.1.jar;C:\Users\fzabala\.m2\repository\org\hamcrest\hamcrest\2.1\hamcrest-2.1.jar;C:\Users\fzabala\.m2\repository\org\hamcrest\hamcrest-library\2.1\hamcrest-library-2.1.jar;C:\Users\fzabala\.m2\repository\org\ccil\cowan\tagsoup\tagsoup\1.2.1\tagsoup-1.2.1.jar;C:\Users\fzabala\.m2\repository\io\rest-assured\json-path\4.0.0\json-path-4.0.0.jar;C:\Users\fzabala\.m2\repository\org\codehaus\groovy\groovy-json\2.5.6\groovy-json-2.5.6.jar;C:\Users\fzabala\.m2\repository\io\rest-assured\rest-assured-common\4.0.0\rest-assured-common-4.0.0.jar;C:\Users\fzabala\.m2\repository\io\rest-assured\xml-path\4.0.0\xml-path-4.0.0.jar;C:\Users\fzabala\.m2\repository\org\apache\commons\commons-lang3\3.4\commons-lang3-3.4.jar;C:\Users\fzabala\.m2\repository\javax\xml\bind\jaxb-api\2.2.12\jaxb-api-2.2.12.jar;C:\Users\fzabala\.m2\repository\com\sun\xml\bind\jaxb-osgi\2.2.10\jaxb-osgi-2.2.10.jar;C:\Users\fzabala\.m2\repository\org\apache\sling\org.apache.sling.javax.activation\0.1.0\org.apache.sling.javax.activation-0.1.0.jar;C:\Users\fzabala\.m2\repository\javax\activation\activation\1.1.1\activation-1.1.1.jar;C:\Users\fzabala\.m2\repository\io\rest-assured\json-schema-validator\4.0.0\json-schema-validator-4.0.0.jar;C:\Users\fzabala\.m2\repository\com\github\java-json-tools\json-schema-validator\2.2.10\json-schema-validator-2.2.10.jar;C:\Users\fzabala\.m2\repository\com\github\java-json-tools\json-schema-core\1.2.10\json-schema-core-1.2.10.jar;C:\Users\fzabala\.m2\repository\com\github\java-json-tools\jackson-coreutils\1.9\jackson-coreutils-1.9.jar;C:\Users\fzabala\.m2\repository\com\fasterxml\jackson\core\jackson-databind\2.2.3\jackson-databind-2.2.3.jar;C:\Users\fzabala\.m2\repository\com\fasterxml\jackson\core\jackson-annotations\2.2.3\jackson-annotations-2.2.3.jar;C:\Users\fzabala\.m2\repository\com\fasterxml\jackson\core\jackson-core\2.2.3\jackson-core-2.2.3.jar;C:\Users\fzabala\.m2\repository\com\google\guava\guava\16.0.1\guava-16.0.1.jar;C:\Users\fzabala\.m2\repository\com\github\fge\msg-simple\1.1\msg-simple-1.1.jar;C:\Users\fzabala\.m2\repository\com\github\fge\btf\1.2\btf-1.2.jar;C:\Users\fzabala\.m2\repository\com\github\fge\uri-template\0.9\uri-template-0.9.jar;C:\Users\fzabala\.m2\repository\org\mozilla\rhino\1.7.7.1\rhino-1.7.7.1.jar;C:\Users\fzabala\.m2\repository\javax\mail\mailapi\1.4.3\mailapi-1.4.3.jar;C:\Users\fzabala\.m2\repository\joda-time\joda-time\2.9.7\joda-time-2.9.7.jar;C:\Users\fzabala\.m2\repository\com\googlecode\libphonenumber\libphonenumber\8.0.0\libphonenumber-8.0.0.jar;C:\Users\fzabala\.m2\repository\com\google\code\findbugs\jsr305\3.0.1\jsr305-3.0.1.jar;C:\Users\fzabala\.m2\repository\net\sf\jopt-simple\jopt-simple\5.0.3\jopt-simple-5.0.3.jar;C:\Users\fzabala\.m2\repository\org\testng\testng\6.14.3\testng-6.14.3.jar;C:\Users\fzabala\.m2\repository\org\apache-extras\beanshell\bsh\2.0b6\bsh-2.0b6.jar;C:\Users\fzabala\.m2\repository\com\beust\jcommander\1.72\jcommander-1.72.jar;C:\Users\fzabala\.m2\repository\org\codehaus\groovy\groovy-ant\2.5.7\groovy-ant-2.5.7.jar;C:\Users\fzabala\.m2\repository\org\apache\ant\ant\1.9.13\ant-1.9.13.jar;C:\Users\fzabala\.m2\repository\org\apache\ant\ant-junit\1.9.13\ant-junit-1.9.13.jar;C:\Users\fzabala\.m2\repository\org\apache\ant\ant-launcher\1.9.13\ant-launcher-1.9.13.jar;C:\Users\fzabala\.m2\repository\org\apache\ant\ant-antlr\1.9.13\ant-antlr-1.9.13.jar;C:\Users\fzabala\.m2\repository\org\codehaus\groovy\groovy-cli-commons\2.5.7\groovy-cli-commons-2.5.7.jar;C:\Users\fzabala\.m2\repository\commons-cli\commons-cli\1.4\commons-cli-1.4.jar;C:\Users\fzabala\.m2\repository\org\codehaus\groovy\groovy-cli-picocli\2.5.7\groovy-cli-picocli-2.5.7.jar;C:\Users\fzabala\.m2\repository\info\picocli\picocli\3.9.5\picocli-3.9.5.jar;C:\Users\fzabala\.m2\repository\org\codehaus\groovy\groovy-console\2.5.7\groovy-console-2.5.7.jar;C:\Users\fzabala\.m2\repository\org\codehaus\groovy\groovy-datetime\2.5.7\groovy-datetime-2.5.7.jar;C:\Users\fzabala\.m2\repository\org\codehaus\groovy\groovy-docgenerator\2.5.7\groovy-docgenerator-2.5.7.jar;C:\Users\fzabala\.m2\repository\com\thoughtworks\qdox\qdox\1.12.1\qdox-1.12.1.jar;C:\Users\fzabala\.m2\repository\org\codehaus\groovy\groovy-groovydoc\2.5.7\groovy-groovydoc-2.5.7.jar;C:\Users\fzabala\.m2\repository\org\codehaus\groovy\groovy-groovysh\2.5.7\groovy-groovysh-2.5.7.jar;C:\Users\fzabala\.m2\repository\jline\jline\2.14.6\jline-2.14.6.jar;C:\Users\fzabala\.m2\repository\org\codehaus\groovy\groovy-jmx\2.5.7\groovy-jmx-2.5.7.jar;C:\Users\fzabala\.m2\repository\org\codehaus\groovy\groovy-jsr223\2.5.7\groovy-jsr223-2.5.7.jar;C:\Users\fzabala\.m2\repository\org\codehaus\groovy\groovy-macro\2.5.7\groovy-macro-2.5.7.jar;C:\Users\fzabala\.m2\repository\org\codehaus\groovy\groovy-nio\2.5.7\groovy-nio-2.5.7.jar;C:\Users\fzabala\.m2\repository\org\codehaus\groovy\groovy-servlet\2.5.7\groovy-servlet-2.5.7.jar;C:\Users\fzabala\.m2\repository\org\codehaus\groovy\groovy-sql\2.5.7\groovy-sql-2.5.7.jar;C:\Users\fzabala\.m2\repository\org\codehaus\groovy\groovy-swing\2.5.7\groovy-swing-2.5.7.jar;C:\Users\fzabala\.m2\repository\org\codehaus\groovy\groovy-templates\2.5.7\groovy-templates-2.5.7.jar;C:\Users\fzabala\.m2\repository\org\codehaus\groovy\groovy-test\2.5.7\groovy-test-2.5.7.jar;C:\Users\fzabala\.m2\repository\junit\junit\4.12\junit-4.12.jar;C:\Users\fzabala\.m2\repository\org\codehaus\groovy\groovy-test-junit5\2.5.7\groovy-test-junit5-2.5.7.jar;C:\Users\fzabala\.m2\repository\org\junit\platform\junit-platform-launcher\1.4.0\junit-platform-launcher-1.4.0.jar;C:\Users\fzabala\.m2\repository\org\apiguardian\apiguardian-api\1.0.0\apiguardian-api-1.0.0.jar;C:\Users\fzabala\.m2\repository\org\junit\platform\junit-platform-engine\1.4.0\junit-platform-engine-1.4.0.jar;C:\Users\fzabala\.m2\repository\org\opentest4j\opentest4j\1.1.1\opentest4j-1.1.1.jar;C:\Users\fzabala\.m2\repository\org\junit\platform\junit-platform-commons\1.4.0\junit-platform-commons-1.4.0.jar;C:\Users\fzabala\.m2\repository\org\junit\jupiter\junit-jupiter-engine\5.4.0\junit-jupiter-engine-5.4.0.jar;C:\Users\fzabala\.m2\repository\org\junit\jupiter\junit-jupiter-api\5.4.0\junit-jupiter-api-5.4.0.jar;C:\Users\fzabala\.m2\repository\org\codehaus\groovy\groovy-testng\2.5.7\groovy-testng-2.5.7.jar;C:\Users\fzabala\.m2\repository\com\github\scribejava\scribejava-apis\2.5.3\scribejava-apis-2.5.3.jar;C:\Users\fzabala\.m2\repository\com\github\scribejava\scribejava-core\2.5.3\scribejava-core-2.5.3.jar;"/>
    <property name="sun.cpu.endian" value="little"/>
    <property name="user.home" value="C:\Users\fzabala"/>
    <property name="user.language" value="en"/>
    <property name="java.specification.vendor" value="Oracle Corporation"/>
    <property name="java.home" value="C:\Program Files\Java\jdk1.8.0_151\jre"/>
    <property name="basedir" value="C:\Dev-Projects\RestAssuredSafaryTutorial\RestAssuredMaven\InternshipAPI"/>
    <property name="file.separator" value="\"/>
    <property name="line.separator" value="&#10;"/>
    <property name="java.vm.specification.vendor" value="Oracle Corporation"/>
    <property name="java.specification.name" value="Java Platform API Specification"/>
    <property name="java.awt.graphicsenv" value="sun.awt.Win32GraphicsEnvironment"/>
    <property name="surefire.real.class.path" value="C:\Users\fzabala\AppData\Local\Temp\surefire5392612623673196069\surefirebooter1575293306959607921.jar"/>
    <property name="sun.boot.class.path" value="C:\Program Files\Java\jdk1.8.0_151\jre\lib\resources.jar;C:\Program Files\Java\jdk1.8.0_151\jre\lib\rt.jar;C:\Program Files\Java\jdk1.8.0_151\jre\lib\sunrsasign.jar;C:\Program Files\Java\jdk1.8.0_151\jre\lib\jsse.jar;C:\Program Files\Java\jdk1.8.0_151\jre\lib\jce.jar;C:\Program Files\Java\jdk1.8.0_151\jre\lib\charsets.jar;C:\Program Files\Java\jdk1.8.0_151\jre\lib\jfr.jar;C:\Program Files\Java\jdk1.8.0_151\jre\classes"/>
    <property name="user.script" value=""/>
    <property name="sun.management.compiler" value="HotSpot 64-Bit Tiered Compilers"/>
    <property name="java.runtime.version" value="1.8.0_151-b12"/>
    <property name="user.name" value="fzabala"/>
    <property name="path.separator" value=";"/>
    <property name="os.version" value="10.0"/>
    <property name="java.endorsed.dirs" value="C:\Program Files\Java\jdk1.8.0_151\jre\lib\endorsed"/>
    <property name="java.runtime.name" value="Java(TM) SE Runtime Environment"/>
    <property name="file.encoding" value="Cp1252"/>
    <property name="java.vm.name" value="Java HotSpot(TM) 64-Bit Server VM"/>
    <property name="localRepository" value="C:\Users\fzabala\.m2\repository"/>
    <property name="java.vendor.url.bug" value="http://bugreport.sun.com/bugreport/"/>
    <property name="java.io.tmpdir" value="C:\Users\fzabala\AppData\Local\Temp\"/>
    <property name="java.version" value="1.8.0_151"/>
    <property name="user.dir" value="C:\Dev-Projects\RestAssuredSafaryTutorial\RestAssuredMaven\InternshipAPI"/>
    <property name="os.arch" value="amd64"/>
    <property name="java.vm.specification.name" value="Java Virtual Machine Specification"/>
    <property name="java.awt.printerjob" value="sun.awt.windows.WPrinterJob"/>
    <property name="sun.os.patch.level" value=""/>
    <property name="java.library.path" value="C:\Program Files\Java\jdk1.8.0_151\jre\bin;C:\WINDOWS\Sun\Java\bin;C:\WINDOWS\system32;C:\WINDOWS;C:\FILES\SW\cmder\bin;C:\FILES\SW\cmder\vendor\git-for-windows\cmd;C:\FILES\SW\cmder\vendor\conemu-maximus5\ConEmu\Scripts;C:\FILES\SW\cmder\vendor\conemu-maximus5;C:\FILES\SW\cmder\vendor\conemu-maximus5\ConEmu;C:\Program Files (x86)\Microsoft SDKs\Azure\CLI2\wbin;C:\Program Files (x86)\Common Files\Oracle\Java\javapath;C:\Program Files (x86)\Python37-32\Scripts\;C:\Program Files (x86)\Python37-32\;C:\ProgramData\Oracle\Java\javapath;C:\WINDOWS\system32;C:\WINDOWS;C:\WINDOWS\System32\Wbem;C:\WINDOWS\System32\WindowsPowerShell\v1.0\;C:\Program Files (x86)\Microsoft SQL Server\Client SDK\ODBC\130\Tools\Binn\;C:\Program Files (x86)\Microsoft SQL Server\140\Tools\Binn\;C:\Program Files (x86)\Microsoft SQL Server\140\DTS\Binn\;C:\Program Files (x86)\Microsoft SQL Server\140\Tools\Binn\ManagementStudio\;C:\Program Files\dotnet\;C:\Program Files\Microsoft SQL Server\130\Tools\Binn\;C:\Program Files\Microsoft SQL Server\110\Tools\Binn\;C:\Users\fzabala\.dnx\bin;C:\Program Files\Microsoft DNX\Dnvm\;C:\Program Files\OpenVPN\bin;C:\Users\fzabala\IdeaProjects\geckodriver-v0.19.1-win64\;C:\ProgramData\chocolatey\bin;C:\Program Files\nodejs\;C:\Program Files (x86)\Yarn\bin\;C:\Drivers;C:\FILES\SW\apache-maven-3.5.3\bin;C:\Program Files\nodejs;C:\Program Files (x86)\Symantec\VIP Access Client\;C:\Program Files\Microsoft VS Code\bin;c:\opt\apache-maven-3.6.0\bin;C:\HashiCorp\Vagrant\bin;C:\Program Files\OpenSSH-Win64;C:\Program Files\Intel\WiFi\bin\;C:\Program Files\Common Files\Intel\WirelessCommon\;C:\Users\fzabala\appdata\roaming\python\python37\Scripts;C:\FILES\SW\Chrome_web_driver\chromedriver_win32\;C:\Program Files\Java\jdk1.8.0_151\bin;C:\Program Files (x86)\Intel\Intel(R) Management Engine Components\DAL;C:\Program Files\Intel\Intel(R) Management Engine Components\DAL;C:\Users\fzabala\.azure-kubectl\;C:\Program Files\Amazon\AWSCLI\bin\;C:\Ruby25-x64\bin;C:\Users\fzabala\AppData\Local\Microsoft\WindowsApps;C:\Users\fzabala\AppData\Local\Programs\Fiddler;C:\Program Files\Microsoft VS Code\bin;C:\Users\fzabala\AppData\Roaming\npm;C:\Users\fzabala\AppData\Local\Yarn\bin;C:\Users\fzabala\AppData\Local\GitHubDesktop\bin;C:\Program Files\Docker Toolbox;C:\Program Files\JetBrains\PyCharm 2018.3.4\bin;;C:\Users\fzabala\AppData\Local\Microsoft\WindowsApps;C:\Program Files\JetBrains\IntelliJ IDEA 2019.1.2\bin;;C:\Program Files\Intel\WiFi\bin\;C:\Program Files\Common Files\Intel\WirelessCommon\;C:\Users\fzabala\appdata\roaming\python\python37\Scripts;C:\Program Files\heroku\bin;C:\Users\fzabala\.azure-kubectl\;;C:\FILES\SW\cmder\vendor\git-for-windows\usr\bin;C:\FILES\SW\cmder\vendor\git-for-windows\usr\share\vim\vim74;C:\FILES\SW\cmder\;."/>
    <property name="java.vm.info" value="mixed mode"/>
    <property name="java.vendor" value="Oracle Corporation"/>
    <property name="java.vm.version" value="25.151-b12"/>
    <property name="java.ext.dirs" value="C:\Program Files\Java\jdk1.8.0_151\jre\lib\ext;C:\WINDOWS\Sun\Java\lib\ext"/>
    <property name="sun.io.unicode.encoding" value="UnicodeLittle"/>
    <property name="java.class.version" value="52.0"/>
  </properties>
  <testcase name="postTweet" classname="com.testing.statuses.SimpleFramework" time="3.71"/>
  <testcase name="readTweet" classname="com.testing.statuses.SimpleFramework" time="0.427"/>
  <testcase name="deleteTweet" classname="com.testing.statuses.SimpleFramework" time="0.372"/>
</testsuite>