<?xml version="1.0" encoding="UTF-8"?>
<!-- Generated by org.testng.reporters.JUnitReportReporter -->
<testsuite skipped="0" hostname="EN911056" name="com.testing.statuses.SimpleFramework" tests="3" failures="0" timestamp="12 Aug 2019 21:30:34 GMT" time="4.501" errors="0">
  <testcase name="deleteTweet" time="0.384" classname="com.testing.statuses.SimpleFramework"/>
  <testcase name="readTweet" time="0.427" classname="com.testing.statuses.SimpleFramework"/>
  <testcase name="postTweet" time="3.690" classname="com.testing.statuses.SimpleFramework"/>
</testsuite> <!-- com.testing.statuses.SimpleFramework -->
